<?xml version="1.0" encoding="UTF-8"?>
<!-- Generated by org.testng.reporters.JUnitXMLReporter -->
<testsuite ignored="12" hostname="DESKTOP-ITT96FI" failures="0" tests="10" name="Test" time="260.821" errors="0" timestamp="2025-01-11T19:40:25 IST">
  <testcase classname="test.TC006_ValidateFlightBooking" name="FlightBooking" time="19.825"/>
  <testcase classname="test.TC001_Signup" name="SignupTest" time="12.814"/>
  <testcase classname="test.TC005_ValidateBookingMenu" name="ManuValidationTest" time="2.307"/>
  <testcase classname="test.TC004_RoundTripBooking" name="RoundTripTest" time="12.862"/>
  <testcase classname="test.TC002_Login" name="LoginTestWithValidcredentials" time="3.054"/>
  <testcase classname="test.TC002_Login" name="LoginTestWithValidcredentials" time="2.67"/>
  <testcase classname="test.TC002_Login" name="LoginTestWithValidcredentials" time="5.049"/>
  <testcase classname="test.TC002_Login" name="LoginTestWithValidcredentials" time="2.014"/>
  <testcase classname="test.TC003_OneWayTripBooking" name="OneWayTripTest" time="10.969"/>
  <testcase classname="test.TC007_AddPassengersDetails" name="FlightBooking" time="37.092"/>
  <testcase classname="base.ProjectSpecificMethods" name="@AfterSuite reportClose" time="0.0">
    <ignored/>
  </testcase> <!-- @AfterSuite reportClose -->
  <testcase classname="base.ProjectSpecificMethods" name="@AfterSuite reportClose" time="0.0">
    <ignored/>
  </testcase> <!-- @AfterSuite reportClose -->
  <testcase classname="base.ProjectSpecificMethods" name="@AfterSuite reportClose" time="0.0">
    <ignored/>
  </testcase> <!-- @AfterSuite reportClose -->
  <testcase classname="base.ProjectSpecificMethods" name="@AfterSuite reportClose" time="0.0">
    <ignored/>
  </testcase> <!-- @AfterSuite reportClose -->
  <testcase classname="base.ProjectSpecificMethods" name="@AfterSuite reportClose" time="0.0">
    <ignored/>
  </testcase> <!-- @AfterSuite reportClose -->
  <testcase classname="base.ProjectSpecificMethods" name="@AfterSuite reportClose" time="0.0">
    <ignored/>
  </testcase> <!-- @AfterSuite reportClose -->
  <testcase classname="base.ProjectSpecificMethods" name="@BeforeSuite reportInitilization" time="0.0">
    <ignored/>
  </testcase> <!-- @BeforeSuite reportInitilization -->
  <testcase classname="base.ProjectSpecificMethods" name="@BeforeSuite reportInitilization" time="0.0">
    <ignored/>
  </testcase> <!-- @BeforeSuite reportInitilization -->
  <testcase classname="base.ProjectSpecificMethods" name="@BeforeSuite reportInitilization" time="0.0">
    <ignored/>
  </testcase> <!-- @BeforeSuite reportInitilization -->
  <testcase classname="base.ProjectSpecificMethods" name="@BeforeSuite reportInitilization" time="0.0">
    <ignored/>
  </testcase> <!-- @BeforeSuite reportInitilization -->
  <testcase classname="base.ProjectSpecificMethods" name="@BeforeSuite reportInitilization" time="0.0">
    <ignored/>
  </testcase> <!-- @BeforeSuite reportInitilization -->
  <testcase classname="base.ProjectSpecificMethods" name="@BeforeSuite reportInitilization" time="0.0">
    <ignored/>
  </testcase> <!-- @BeforeSuite reportInitilization -->
</testsuite> <!-- Test -->
